Determining if the include file pthread.h exists failed with the following output:
Change Dir: C:/Users/Inessa/Documents/Prova1/Questao_3/CMakeFiles/CMakeTmp

Run Build Command:"C:/Program Files (x86)/MSBuild/14.0/bin/MSBuild.exe" "cmTC_e7b60.vcxproj" "/p:Configuration=Debug" "/p:VisualStudioVersion=14.0"
Microsoft (R) Build Engine version 14.0.25123.0
Copyright (C) Microsoft Corporation. All rights reserved.

Build started 13/05/2016 12:26:26.
Project "C:\Users\Inessa\Documents\Prova1\Questao_3\CMakeFiles\CMakeTmp\cmTC_e7b60.vcxproj" on node 1 (default targets).
PrepareForBuild:
  Creating directory "cmTC_e7b60.dir\Debug\".
  Creating directory "C:\Users\Inessa\Documents\Prova1\Questao_3\CMakeFiles\CMakeTmp\Debug\".
  Creating directory "cmTC_e7b60.dir\Debug\cmTC_e7b60.tlog\".
InitializeBuildStatus:
  Creating "cmTC_e7b60.dir\Debug\cmTC_e7b60.tlog\unsuccessfulbuild" because "AlwaysCreate" was specified.
ClCompile:
  C:\Program Files (x86)\Microsoft Visual Studio 14.0\VC\bin\x86_amd64\CL.exe /c /Zi /W3 /WX- /Od /Ob0 /D WIN32 /D _WINDOWS /D _DEBUG /D "CMAKE_INTDIR=\"Debug\"" /D _MBCS /Gm- /RTC1 /MDd /GS /fp:precise /Zc:wchar_t /Zc:forScope /Zc:inline /Fo"cmTC_e7b60.dir\Debug\\" /Fd"cmTC_e7b60.dir\Debug\vc140.pdb" /Gd /TC /errorReport:queue C:\Users\Inessa\Documents\Prova1\Questao_3\CMakeFiles\CMakeTmp\CheckIncludeFile.c
  Microsoft (R) C/C++ Optimizing Compiler Version 19.00.23918 for x64
  Copyright (C) Microsoft Corporation.  All rights reserved.
  
  cl /c /Zi /W3 /WX- /Od /Ob0 /D WIN32 /D _WINDOWS /D _DEBUG /D "CMAKE_INTDIR=\"Debug\"" /D _MBCS /Gm- /RTC1 /MDd /GS /fp:precise /Zc:wchar_t /Zc:forScope /Zc:inline /Fo"cmTC_e7b60.dir\Debug\\" /Fd"cmTC_e7b60.dir\Debug\vc140.pdb" /Gd /TC /errorReport:queue C:\Users\Inessa\Documents\Prova1\Questao_3\CMakeFiles\CMakeTmp\CheckIncludeFile.c
  
  CheckIncludeFile.c
C:\Users\Inessa\Documents\Prova1\Questao_3\CMakeFiles\CMakeTmp\CheckIncludeFile.c(1): fatal error C1083: Cannot open include file: 'pthread.h': No such file or directory [C:\Users\Inessa\Documents\Prova1\Questao_3\CMakeFiles\CMakeTmp\cmTC_e7b60.vcxproj]
Done Building Project "C:\Users\Inessa\Documents\Prova1\Questao_3\CMakeFiles\CMakeTmp\cmTC_e7b60.vcxproj" (default targets) -- FAILED.

Build FAILED.

"C:\Users\Inessa\Documents\Prova1\Questao_3\CMakeFiles\CMakeTmp\cmTC_e7b60.vcxproj" (default target) (1) ->
(ClCompile target) -> 
  C:\Users\Inessa\Documents\Prova1\Questao_3\CMakeFiles\CMakeTmp\CheckIncludeFile.c(1): fatal error C1083: Cannot open include file: 'pthread.h': No such file or directory [C:\Users\Inessa\Documents\Prova1\Questao_3\CMakeFiles\CMakeTmp\cmTC_e7b60.vcxproj]

    0 Warning(s)
    1 Error(s)

Time Elapsed 00:00:01.59


Determining size of off64_t failed with the following output:
Change Dir: C:/Users/Inessa/Documents/Prova1/Questao_3/CMakeFiles/CMakeTmp

Run Build Command:"C:/Program Files (x86)/MSBuild/14.0/bin/MSBuild.exe" "cmTC_8b810.vcxproj" "/p:Configuration=Debug" "/p:VisualStudioVersion=14.0"
Microsoft (R) Build Engine version 14.0.25123.0
Copyright (C) Microsoft Corporation. All rights reserved.

Build started 13/05/2016 12:26:31.
Project "C:\Users\Inessa\Documents\Prova1\Questao_3\CMakeFiles\CMakeTmp\cmTC_8b810.vcxproj" on node 1 (default targets).
PrepareForBuild:
  Creating directory "cmTC_8b810.dir\Debug\".
  Creating directory "C:\Users\Inessa\Documents\Prova1\Questao_3\CMakeFiles\CMakeTmp\Debug\".
  Creating directory "cmTC_8b810.dir\Debug\cmTC_8b810.tlog\".
InitializeBuildStatus:
  Creating "cmTC_8b810.dir\Debug\cmTC_8b810.tlog\unsuccessfulbuild" because "AlwaysCreate" was specified.
ClCompile:
  C:\Program Files (x86)\Microsoft Visual Studio 14.0\VC\bin\x86_amd64\CL.exe /c /Zi /W3 /WX- /Od /Ob0 /D WIN32 /D _WINDOWS /D _DEBUG /D _LARGEFILE64_SOURCE=1 /D HAVE_SYS_TYPES_H /D HAVE_STDINT_H /D HAVE_STDDEF_H /D "CMAKE_INTDIR=\"Debug\"" /D _MBCS /Gm- /RTC1 /MDd /GS /fp:precise /Zc:wchar_t /Zc:forScope /Zc:inline /Fo"cmTC_8b810.dir\Debug\\" /Fd"cmTC_8b810.dir\Debug\vc140.pdb" /Gd /TC /errorReport:queue C:\Users\Inessa\Documents\Prova1\Questao_3\CMakeFiles\CheckTypeSize\OFF64_T.c
  Microsoft (R) C/C++ Optimizing Compiler Version 19.00.23918 for x64
  Copyright (C) Microsoft Corporation.  All rights reserved.
  
  cl /c /Zi /W3 /WX- /Od /Ob0 /D WIN32 /D _WINDOWS /D _DEBUG /D _LARGEFILE64_SOURCE=1 /D HAVE_SYS_TYPES_H /D HAVE_STDINT_H /D HAVE_STDDEF_H /D "CMAKE_INTDIR=\"Debug\"" /D _MBCS /Gm- /RTC1 /MDd /GS /fp:precise /Zc:wchar_t /Zc:forScope /Zc:inline /Fo"cmTC_8b810.dir\Debug\\" /Fd"cmTC_8b810.dir\Debug\vc140.pdb" /Gd /TC /errorReport:queue C:\Users\Inessa\Documents\Prova1\Questao_3\CMakeFiles\CheckTypeSize\OFF64_T.c
  
  OFF64_T.c
C:\Users\Inessa\Documents\Prova1\Questao_3\CMakeFiles\CheckTypeSize\OFF64_T.c(19): error C2065: 'off64_t': undeclared identifier [C:\Users\Inessa\Documents\Prova1\Questao_3\CMakeFiles\CMakeTmp\cmTC_8b810.vcxproj]
C:\Users\Inessa\Documents\Prova1\Questao_3\CMakeFiles\CheckTypeSize\OFF64_T.c(20): error C2065: 'off64_t': undeclared identifier [C:\Users\Inessa\Documents\Prova1\Questao_3\CMakeFiles\CMakeTmp\cmTC_8b810.vcxproj]
C:\Users\Inessa\Documents\Prova1\Questao_3\CMakeFiles\CheckTypeSize\OFF64_T.c(21): error C2065: 'off64_t': undeclared identifier [C:\Users\Inessa\Documents\Prova1\Questao_3\CMakeFiles\CMakeTmp\cmTC_8b810.vcxproj]
C:\Users\Inessa\Documents\Prova1\Questao_3\CMakeFiles\CheckTypeSize\OFF64_T.c(22): error C2065: 'off64_t': undeclared identifier [C:\Users\Inessa\Documents\Prova1\Questao_3\CMakeFiles\CMakeTmp\cmTC_8b810.vcxproj]
C:\Users\Inessa\Documents\Prova1\Questao_3\CMakeFiles\CheckTypeSize\OFF64_T.c(23): error C2065: 'off64_t': undeclared identifier [C:\Users\Inessa\Documents\Prova1\Questao_3\CMakeFiles\CMakeTmp\cmTC_8b810.vcxproj]
Done Building Project "C:\Users\Inessa\Documents\Prova1\Questao_3\CMakeFiles\CMakeTmp\cmTC_8b810.vcxproj" (default targets) -- FAILED.

Build FAILED.

"C:\Users\Inessa\Documents\Prova1\Questao_3\CMakeFiles\CMakeTmp\cmTC_8b810.vcxproj" (default target) (1) ->
(ClCompile target) -> 
  C:\Users\Inessa\Documents\Prova1\Questao_3\CMakeFiles\CheckTypeSize\OFF64_T.c(19): error C2065: 'off64_t': undeclared identifier [C:\Users\Inessa\Documents\Prova1\Questao_3\CMakeFiles\CMakeTmp\cmTC_8b810.vcxproj]
  C:\Users\Inessa\Documents\Prova1\Questao_3\CMakeFiles\CheckTypeSize\OFF64_T.c(20): error C2065: 'off64_t': undeclared identifier [C:\Users\Inessa\Documents\Prova1\Questao_3\CMakeFiles\CMakeTmp\cmTC_8b810.vcxproj]
  C:\Users\Inessa\Documents\Prova1\Questao_3\CMakeFiles\CheckTypeSize\OFF64_T.c(21): error C2065: 'off64_t': undeclared identifier [C:\Users\Inessa\Documents\Prova1\Questao_3\CMakeFiles\CMakeTmp\cmTC_8b810.vcxproj]
  C:\Users\Inessa\Documents\Prova1\Questao_3\CMakeFiles\CheckTypeSize\OFF64_T.c(22): error C2065: 'off64_t': undeclared identifier [C:\Users\Inessa\Documents\Prova1\Questao_3\CMakeFiles\CMakeTmp\cmTC_8b810.vcxproj]
  C:\Users\Inessa\Documents\Prova1\Questao_3\CMakeFiles\CheckTypeSize\OFF64_T.c(23): error C2065: 'off64_t': undeclared identifier [C:\Users\Inessa\Documents\Prova1\Questao_3\CMakeFiles\CMakeTmp\cmTC_8b810.vcxproj]

    0 Warning(s)
    5 Error(s)

Time Elapsed 00:00:00.39

C:/Users/Inessa/Documents/Prova1/Questao_3/CMakeFiles/CheckTypeSize/OFF64_T.c:
#include <sys/types.h>
#include <stdint.h>
#include <stddef.h>


#undef KEY
#if defined(__i386)
# define KEY '_','_','i','3','8','6'
#elif defined(__x86_64)
# define KEY '_','_','x','8','6','_','6','4'
#elif defined(__ppc__)
# define KEY '_','_','p','p','c','_','_'
#elif defined(__ppc64__)
# define KEY '_','_','p','p','c','6','4','_','_'
#endif

#define SIZE (sizeof(off64_t))
char info_size[] =  {'I', 'N', 'F', 'O', ':', 's','i','z','e','[',
  ('0' + ((SIZE / 10000)%10)),
  ('0' + ((SIZE / 1000)%10)),
  ('0' + ((SIZE / 100)%10)),
  ('0' + ((SIZE / 10)%10)),
  ('0' +  (SIZE    % 10)),
  ']',
#ifdef KEY
  ' ','k','e','y','[', KEY, ']',
#endif
  '\0'};

#ifdef __CLASSIC_C__
int main(argc, argv) int argc; char *argv[];
#else
int main(int argc, char *argv[])
#endif
{
  int require = 0;
  require += info_size[argc];
  (void)argv;
  return require;
}


Determining if the function fseeko exists failed with the following output:
Change Dir: C:/Users/Inessa/Documents/Prova1/Questao_3/CMakeFiles/CMakeTmp

Run Build Command:"C:/Program Files (x86)/MSBuild/14.0/bin/MSBuild.exe" "cmTC_05eba.vcxproj" "/p:Configuration=Debug" "/p:VisualStudioVersion=14.0"
Microsoft (R) Build Engine version 14.0.25123.0
Copyright (C) Microsoft Corporation. All rights reserved.

Build started 13/05/2016 12:26:31.
Project "C:\Users\Inessa\Documents\Prova1\Questao_3\CMakeFiles\CMakeTmp\cmTC_05eba.vcxproj" on node 1 (default targets).
PrepareForBuild:
  Creating directory "cmTC_05eba.dir\Debug\".
  Creating directory "C:\Users\Inessa\Documents\Prova1\Questao_3\CMakeFiles\CMakeTmp\Debug\".
  Creating directory "cmTC_05eba.dir\Debug\cmTC_05eba.tlog\".
InitializeBuildStatus:
  Creating "cmTC_05eba.dir\Debug\cmTC_05eba.tlog\unsuccessfulbuild" because "AlwaysCreate" was specified.
ClCompile:
  C:\Program Files (x86)\Microsoft Visual Studio 14.0\VC\bin\x86_amd64\CL.exe /c /Zi /W3 /WX- /Od /Ob0 /D WIN32 /D _WINDOWS /D CHECK_FUNCTION_EXISTS=fseeko /D _DEBUG /D "CMAKE_INTDIR=\"Debug\"" /D _MBCS /Gm- /RTC1 /MDd /GS /fp:precise /Zc:wchar_t /Zc:forScope /Zc:inline /Fo"cmTC_05eba.dir\Debug\\" /Fd"cmTC_05eba.dir\Debug\vc140.pdb" /Gd /TC /errorReport:queue "C:\Program Files (x86)\CMake\share\cmake-3.4\Modules\CheckFunctionExists.c"
  Microsoft (R) C/C++ Optimizing Compiler Version 19.00.23918 for x64
  Copyright (C) Microsoft Corporation.  All rights reserved.
  
  cl /c /Zi /W3 /WX- /Od /Ob0 /D WIN32 /D _WINDOWS /D CHECK_FUNCTION_EXISTS=fseeko /D _DEBUG /D "CMAKE_INTDIR=\"Debug\"" /D _MBCS /Gm- /RTC1 /MDd /GS /fp:precise /Zc:wchar_t /Zc:forScope /Zc:inline /Fo"cmTC_05eba.dir\Debug\\" /Fd"cmTC_05eba.dir\Debug\vc140.pdb" /Gd /TC /errorReport:queue "C:\Program Files (x86)\CMake\share\cmake-3.4\Modules\CheckFunctionExists.c"
  
  CheckFunctionExists.c
Link:
  C:\Program Files (x86)\Microsoft Visual Studio 14.0\VC\bin\x86_amd64\link.exe /ERRORREPORT:QUEUE /OUT:"C:\Users\Inessa\Documents\Prova1\Questao_3\CMakeFiles\CMakeTmp\Debug\cmTC_05eba.exe" /INCREMENTAL /NOLOGO kernel32.lib user32.lib gdi32.lib winspool.lib shell32.lib ole32.lib oleaut32.lib uuid.lib comdlg32.lib advapi32.lib /MANIFEST /MANIFESTUAC:"level='asInvoker' uiAccess='false'" /manifest:embed /DEBUG /PDB:"C:/Users/Inessa/Documents/Prova1/Questao_3/CMakeFiles/CMakeTmp/Debug/cmTC_05eba.pdb" /SUBSYSTEM:CONSOLE /TLBID:1 /DYNAMICBASE /NXCOMPAT /IMPLIB:"C:/Users/Inessa/Documents/Prova1/Questao_3/CMakeFiles/CMakeTmp/Debug/cmTC_05eba.lib" /MACHINE:X64  /machine:x64 /debug cmTC_05eba.dir\Debug\CheckFunctionExists.obj
CheckFunctionExists.obj : error LNK2019: unresolved external symbol fseeko referenced in function main [C:\Users\Inessa\Documents\Prova1\Questao_3\CMakeFiles\CMakeTmp\cmTC_05eba.vcxproj]
C:\Users\Inessa\Documents\Prova1\Questao_3\CMakeFiles\CMakeTmp\Debug\cmTC_05eba.exe : fatal error LNK1120: 1 unresolved externals [C:\Users\Inessa\Documents\Prova1\Questao_3\CMakeFiles\CMakeTmp\cmTC_05eba.vcxproj]
Done Building Project "C:\Users\Inessa\Documents\Prova1\Questao_3\CMakeFiles\CMakeTmp\cmTC_05eba.vcxproj" (default targets) -- FAILED.

Build FAILED.

"C:\Users\Inessa\Documents\Prova1\Questao_3\CMakeFiles\CMakeTmp\cmTC_05eba.vcxproj" (default target) (1) ->
(Link target) -> 
  CheckFunctionExists.obj : error LNK2019: unresolved external symbol fseeko referenced in function main [C:\Users\Inessa\Documents\Prova1\Questao_3\CMakeFiles\CMakeTmp\cmTC_05eba.vcxproj]
  C:\Users\Inessa\Documents\Prova1\Questao_3\CMakeFiles\CMakeTmp\Debug\cmTC_05eba.exe : fatal error LNK1120: 1 unresolved externals [C:\Users\Inessa\Documents\Prova1\Questao_3\CMakeFiles\CMakeTmp\cmTC_05eba.vcxproj]

    0 Warning(s)
    2 Error(s)

Time Elapsed 00:00:00.53


Determining if the include file unistd.h exists failed with the following output:
Change Dir: C:/Users/Inessa/Documents/Prova1/Questao_3/CMakeFiles/CMakeTmp

Run Build Command:"C:/Program Files (x86)/MSBuild/14.0/bin/MSBuild.exe" "cmTC_44602.vcxproj" "/p:Configuration=Debug" "/p:VisualStudioVersion=14.0"
Microsoft (R) Build Engine version 14.0.25123.0
Copyright (C) Microsoft Corporation. All rights reserved.

Build started 13/05/2016 12:26:32.
Project "C:\Users\Inessa\Documents\Prova1\Questao_3\CMakeFiles\CMakeTmp\cmTC_44602.vcxproj" on node 1 (default targets).
PrepareForBuild:
  Creating directory "cmTC_44602.dir\Debug\".
  Creating directory "C:\Users\Inessa\Documents\Prova1\Questao_3\CMakeFiles\CMakeTmp\Debug\".
  Creating directory "cmTC_44602.dir\Debug\cmTC_44602.tlog\".
InitializeBuildStatus:
  Creating "cmTC_44602.dir\Debug\cmTC_44602.tlog\unsuccessfulbuild" because "AlwaysCreate" was specified.
ClCompile:
  C:\Program Files (x86)\Microsoft Visual Studio 14.0\VC\bin\x86_amd64\CL.exe /c /Zi /W3 /WX- /Od /Ob0 /D WIN32 /D _WINDOWS /D _DEBUG /D "CMAKE_INTDIR=\"Debug\"" /D _MBCS /Gm- /RTC1 /MDd /GS /fp:precise /Zc:wchar_t /Zc:forScope /Zc:inline /Fo"cmTC_44602.dir\Debug\\" /Fd"cmTC_44602.dir\Debug\vc140.pdb" /Gd /TC /errorReport:queue C:\Users\Inessa\Documents\Prova1\Questao_3\CMakeFiles\CMakeTmp\CheckIncludeFile.c
  Microsoft (R) C/C++ Optimizing Compiler Version 19.00.23918 for x64
  Copyright (C) Microsoft Corporation.  All rights reserved.
  
  cl /c /Zi /W3 /WX- /Od /Ob0 /D WIN32 /D _WINDOWS /D _DEBUG /D "CMAKE_INTDIR=\"Debug\"" /D _MBCS /Gm- /RTC1 /MDd /GS /fp:precise /Zc:wchar_t /Zc:forScope /Zc:inline /Fo"cmTC_44602.dir\Debug\\" /Fd"cmTC_44602.dir\Debug\vc140.pdb" /Gd /TC /errorReport:queue C:\Users\Inessa\Documents\Prova1\Questao_3\CMakeFiles\CMakeTmp\CheckIncludeFile.c
  
  CheckIncludeFile.c
C:\Users\Inessa\Documents\Prova1\Questao_3\CMakeFiles\CMakeTmp\CheckIncludeFile.c(1): fatal error C1083: Cannot open include file: 'unistd.h': No such file or directory [C:\Users\Inessa\Documents\Prova1\Questao_3\CMakeFiles\CMakeTmp\cmTC_44602.vcxproj]
Done Building Project "C:\Users\Inessa\Documents\Prova1\Questao_3\CMakeFiles\CMakeTmp\cmTC_44602.vcxproj" (default targets) -- FAILED.

Build FAILED.

"C:\Users\Inessa\Documents\Prova1\Questao_3\CMakeFiles\CMakeTmp\cmTC_44602.vcxproj" (default target) (1) ->
(ClCompile target) -> 
  C:\Users\Inessa\Documents\Prova1\Questao_3\CMakeFiles\CMakeTmp\CheckIncludeFile.c(1): fatal error C1083: Cannot open include file: 'unistd.h': No such file or directory [C:\Users\Inessa\Documents\Prova1\Questao_3\CMakeFiles\CMakeTmp\cmTC_44602.vcxproj]

    0 Warning(s)
    1 Error(s)

Time Elapsed 00:00:00.34


